2019-05-19 17:09:29 | CRITICAL | 18840 | 5ce1ef62ab192 | 1558310969.693 | Error - type:1 - file:/data/www/Anthony/framework/Anthony/Anthony.php - line:51 - msg:Uncaught Swoole\ExitException: swoole exit in /data/www/Anthony/framework/Anthony/Anthony.php:51
Stack trace:
#0 {main}
  thrown
2019-05-19 17:09:33 | CRITICAL | 18840 | 5ce1ef62ab192 | 1558310973.679 | Error - type:1 - file:/data/www/Anthony/framework/Anthony/Anthony.php - line:51 - msg:Uncaught Swoole\ExitException: swoole exit in /data/www/Anthony/framework/Anthony/Anthony.php:51
Stack trace:
#0 {main}
  thrown
2019-05-19 17:11:04 | EMERGENCY | 18978 | 5ce1f09816010 | 1558311064.230 | Class 'controller\Coroutine' not found
2019-05-19 17:11:06 | EMERGENCY | 18978 | 5ce1f09816010 | 1558311066.575 | Class 'controller\Coroutine' not found
2019-05-19 17:11:09 | EMERGENCY | 18978 | 5ce1f09816010 | 1558311069.495 | Class 'controller\Coroutine' not found
2019-05-19 17:11:10 | EMERGENCY | 18978 | 5ce1f09816010 | 1558311070.272 | Class 'controller\Coroutine' not found
2019-05-19 17:11:10 | EMERGENCY | 18978 | 5ce1f09816010 | 1558311070.505 | Class 'controller\Coroutine' not found
2019-05-19 17:11:14 | EMERGENCY | 18978 | 5ce1f09816010 | 1558311074.413 | Class 'controller\list' not found
2019-05-19 17:11:17 | EMERGENCY | 18978 | 5ce1f09816010 | 1558311077.190 | Method name must be a string
2019-05-19 17:11:22 | EMERGENCY | 18978 | 5ce1f09816010 | 1558311082.419 | Class 'controller\Coroutine' not found
2019-05-19 17:12:03 | EMERGENCY | 18978 | 5ce1f09816010 | 1558311123.253 | Class 'controller\Coroutine' not found
2019-05-19 19:21:28 | CRITICAL | 19666 | 5ce20f2610eb8 | 1558318888.270 | Error - type:1 - file:/data/www/Anthony/framework/Anthony/Anthony.php - line:51 - msg:Uncaught Error: Class 'Anthony\Coroutine' not found in /data/www/Anthony/framework/Anthony/Anthony.php:51
Stack trace:
#0 {main}
  thrown
2019-05-19 19:21:43 | CRITICAL | 19671 | 5ce20f3750cc0 | 1558318903.458 | Error - type:1 - file:/data/www/Anthony/framework/Anthony/Anthony.php - line:51 - msg:Uncaught Error: Class 'Coroutine' not found in /data/www/Anthony/framework/Anthony/Anthony.php:51
Stack trace:
#0 {main}
  thrown
2019-05-19 19:22:38 | CRITICAL | 19677 | 5ce20f6beec83 | 1558318958.407 | Error - type:1 - file:/data/www/Anthony/framework/Anthony/Anthony.php - line:51 - msg:Uncaught Error: Class 'Swoole\Coroutine\Coroutine' not found in /data/www/Anthony/framework/Anthony/Anthony.php:51
Stack trace:
#0 {main}
  thrown
2019-05-19 19:22:57 | CRITICAL | 19682 | 5ce20f816db17 | 1558318977.617 | Error - type:1 - file:/data/www/Anthony/framework/Anthony/Anthony.php - line:51 - msg:Uncaught Error: Class 'Swoole\Coroutine\Coroutine' not found in /data/www/Anthony/framework/Anthony/Anthony.php:51
Stack trace:
#0 {main}
  thrown
2019-05-19 19:23:02 | CRITICAL | 19682 | 5ce20f816db17 | 1558318982.905 | Error - type:1 - file:/data/www/Anthony/framework/Anthony/Anthony.php - line:51 - msg:Uncaught Error: Class 'Swoole\Coroutine\Coroutine' not found in /data/www/Anthony/framework/Anthony/Anthony.php:51
Stack trace:
#0 {main}
  thrown
